<?xml version="1.0" encoding="UTF-8"?>
<testsuite xmlns:xsi="http://www.w3.org/2001/XMLSchema-instance" xsi:noNamespaceSchemaLocation="https://maven.apache.org/surefire/maven-surefire-plugin/xsd/surefire-test-report-3.0.xsd" version="3.0" name="org.chop.quarkus.scripting.test.QuarkusScriptingDevModeTest" time="0.843" tests="1" errors="0" skipped="0" failures="0">
  <properties>
[...]
</properties>
  <testcase name="writeYourOwnDevModeTest" classname="org.chop.quarkus.scripting.test.QuarkusScriptingDevModeTest" time="0.837">
    <system-out><![CDATA[&amp#27;[94mTests paused&amp#27;[39m
2023-07-24 10:26:59,796 WARN  [io.qua.boo.BootstrapAppModelFactory] (main) Expected project directory /var/folders/z6/dgs_q5vx7kq7g6mnfnd0f_9h0000gn/T/quarkus-dev-mode-test10914602186340560787 does not match current project directory /Users/emilesteenkamp/Repository/github.com/underpaid/quarkus-scripting/deployment
2023-07-24 10:27:00,603 INFO  [io.quarkus] (Quarkus Main Thread) quarkus-scripting-deployment 1.0.0-SNAPSHOT on JVM (powered by Quarkus 3.2.2.Final) started in 0.451s. 
2023-07-24 10:27:00,604 INFO  [io.quarkus] (Quarkus Main Thread) Profile dev activated. Live Coding activated.
2023-07-24 10:27:00,604 INFO  [io.quarkus] (Quarkus Main Thread) Installed features: [cdi, quarkus-scripting]
2023-07-24 10:27:00,606 INFO  [io.quarkus] (Quarkus Main Thread) quarkus-scripting-deployment stopped in 0.001s
]]></system-out>
  </testcase>
</testsuite>