<?xml version="1.0" encoding="UTF-8"?>
<testsuite xmlns:xsi="http://www.w3.org/2001/XMLSchema-instance" xsi:noNamespaceSchemaLocation="https://maven.apache.org/surefire/maven-surefire-plugin/xsd/surefire-test-report-3.0.xsd" version="3.0" name="org.chop.quarkus.scripting.test.QuarkusScriptingDevModeTest" time="1.255" tests="1" errors="0" skipped="0" failures="0">
  <properties>
[...]
</properties>
  <testcase name="writeYourOwnDevModeTest" classname="org.chop.quarkus.scripting.test.QuarkusScriptingDevModeTest" time="1.252">
    <system-out><![CDATA[&amp#27;[94mTests paused&amp#27;[39m
2023-07-24 11:37:59,315 WARN  [io.qua.boo.BootstrapAppModelFactory] (main) Expected project directory /var/folders/z6/dgs_q5vx7kq7g6mnfnd0f_9h0000gn/T/quarkus-dev-mode-test13555795602410950180 does not match current project directory /Users/emilesteenkamp/Repository/github.com/underpaid/quarkus-scripting/deployment
2023-07-24 11:38:00,523 INFO  [io.quarkus] (Quarkus Main Thread) quarkus-scripting-deployment 1.0.0-SNAPSHOT on JVM (powered by Quarkus 3.2.2.Final) started in 1.117s. Listening on: http://localhost:8080
2023-07-24 11:38:00,525 INFO  [io.quarkus] (Quarkus Main Thread) Profile dev activated. Live Coding activated.
2023-07-24 11:38:00,525 INFO  [io.quarkus] (Quarkus Main Thread) Installed features: [cdi, quarkus-scripting, servlet, smallrye-context-propagation, vertx]
2023-07-24 11:38:00,531 INFO  [io.quarkus] (Quarkus Main Thread) quarkus-scripting-deployment stopped in 0.004s
]]></system-out>
  </testcase>
</testsuite>